2017-07-09 16:17:54,022 - Log4JLogChute initialized using file 'velocity.log'
2017-07-09 16:17:54,023 - Starting Apache Velocity v1.6.4 (compiled: 2010-04-27 15:31:23)
2017-07-09 16:17:54,023 - Default Properties File: org\apache\velocity\runtime\defaults\velocity.properties
2017-07-09 16:17:54,023 - Trying to use logger class org.apache.velocity.runtime.log.AvalonLogChute
2017-07-09 16:17:54,023 - Target log system for org.apache.velocity.runtime.log.AvalonLogChute is not available (java.lang.NoClassDefFoundError: org/apache/log/format/Formatter).  Falling back to next log system...
2017-07-09 16:17:54,023 - Trying to use logger class org.apache.velocity.runtime.log.Log4JLogChute
2017-07-09 16:17:54,023 - Using logger class org.apache.velocity.runtime.log.Log4JLogChute
2017-07-09 16:17:54,032 - ResourceLoader instantiated: org.apache.velocity.runtime.resource.loader.FileResourceLoader
2017-07-09 16:17:54,034 - Do unicode file recognition:  false
2017-07-09 16:17:54,034 - FileResourceLoader : adding path '.'
2017-07-09 16:17:54,060 - ResourceCache: initialized (class org.apache.velocity.runtime.resource.ResourceCacheImpl) with class java.util.Collections$SynchronizedMap cache map.
2017-07-09 16:17:54,062 - Loaded System Directive: org.apache.velocity.runtime.directive.Define
2017-07-09 16:17:54,064 - Loaded System Directive: org.apache.velocity.runtime.directive.Break
2017-07-09 16:17:54,065 - Loaded System Directive: org.apache.velocity.runtime.directive.Evaluate
2017-07-09 16:17:54,067 - Loaded System Directive: org.apache.velocity.runtime.directive.Literal
2017-07-09 16:17:54,068 - Loaded System Directive: org.apache.velocity.runtime.directive.Macro
2017-07-09 16:17:54,079 - Loaded System Directive: org.apache.velocity.runtime.directive.Parse
2017-07-09 16:17:54,080 - Loaded System Directive: org.apache.velocity.runtime.directive.Include
2017-07-09 16:17:54,081 - Loaded System Directive: org.apache.velocity.runtime.directive.Foreach
2017-07-09 16:17:54,084 - Velocity was not initialized! Calling init()...
2017-07-09 16:17:54,103 - Velocity was not initialized! Calling init()...
2017-07-09 16:17:54,103 - Velocity was not initialized! Calling init()...
2017-07-09 16:17:54,103 - Velocity was not initialized! Calling init()...
2017-07-09 16:17:54,103 - Velocity was not initialized! Calling init()...
2017-07-09 16:17:54,103 - Velocity was not initialized! Calling init()...
2017-07-09 16:17:54,103 - Velocity was not initialized! Calling init()...
2017-07-09 16:17:54,103 - Velocity was not initialized! Calling init()...
2017-07-09 16:17:54,103 - Velocity was not initialized! Calling init()...
2017-07-09 16:17:54,103 - Velocity was not initialized! Calling init()...
2017-07-09 16:17:54,103 - Velocity was not initialized! Calling init()...
2017-07-09 16:17:54,104 - Velocity was not initialized! Calling init()...
2017-07-09 16:17:54,104 - Velocity was not initialized! Calling init()...
2017-07-09 16:17:54,104 - Velocity was not initialized! Calling init()...
2017-07-09 16:17:54,104 - Velocity was not initialized! Calling init()...
2017-07-09 16:17:54,104 - Velocity was not initialized! Calling init()...
2017-07-09 16:17:54,104 - Velocity was not initialized! Calling init()...
2017-07-09 16:17:54,104 - Velocity was not initialized! Calling init()...
2017-07-09 16:17:54,104 - Velocity was not initialized! Calling init()...
2017-07-09 16:17:54,104 - Velocity was not initialized! Calling init()...
2017-07-09 16:17:54,104 - Created '20' parsers.
2017-07-09 16:17:54,108 - Velocimacro : "velocimacro.library" is not set.  Trying default library: VM_global_library.vm
2017-07-09 16:17:54,108 - Velocity was not initialized! Calling init()...
2017-07-09 16:17:54,108 - Velocimacro : Default library not found.
2017-07-09 16:17:54,108 - Velocimacro : allowInline = true : VMs can be defined inline in templates
2017-07-09 16:17:54,108 - Velocimacro : allowInlineToOverride = false : VMs defined inline may NOT replace previous VM definitions
2017-07-09 16:17:54,108 - Velocimacro : allowInlineLocal = false : VMs defined inline will be global in scope if allowed.
2017-07-09 16:17:54,108 - Velocimacro : autoload off : VM system will not automatically reload global library macros
2017-07-09 16:20:40,568 - Log4JLogChute initialized using file 'velocity.log'
2017-07-09 16:20:40,569 - Starting Apache Velocity v1.6.4 (compiled: 2010-04-27 15:31:23)
2017-07-09 16:20:40,569 - Default Properties File: org\apache\velocity\runtime\defaults\velocity.properties
2017-07-09 16:20:40,569 - Trying to use logger class org.apache.velocity.runtime.log.AvalonLogChute
2017-07-09 16:20:40,569 - Target log system for org.apache.velocity.runtime.log.AvalonLogChute is not available (java.lang.NoClassDefFoundError: org/apache/log/format/Formatter).  Falling back to next log system...
2017-07-09 16:20:40,569 - Trying to use logger class org.apache.velocity.runtime.log.Log4JLogChute
2017-07-09 16:20:40,569 - Using logger class org.apache.velocity.runtime.log.Log4JLogChute
2017-07-09 16:20:40,574 - ResourceLoader instantiated: org.apache.velocity.runtime.resource.loader.FileResourceLoader
2017-07-09 16:20:40,575 - Do unicode file recognition:  false
2017-07-09 16:20:40,575 - FileResourceLoader : adding path '.'
2017-07-09 16:20:40,589 - ResourceCache: initialized (class org.apache.velocity.runtime.resource.ResourceCacheImpl) with class java.util.Collections$SynchronizedMap cache map.
2017-07-09 16:20:40,591 - Loaded System Directive: org.apache.velocity.runtime.directive.Define
2017-07-09 16:20:40,592 - Loaded System Directive: org.apache.velocity.runtime.directive.Break
2017-07-09 16:20:40,593 - Loaded System Directive: org.apache.velocity.runtime.directive.Evaluate
2017-07-09 16:20:40,593 - Loaded System Directive: org.apache.velocity.runtime.directive.Literal
2017-07-09 16:20:40,594 - Loaded System Directive: org.apache.velocity.runtime.directive.Macro
2017-07-09 16:20:40,596 - Loaded System Directive: org.apache.velocity.runtime.directive.Parse
2017-07-09 16:20:40,597 - Loaded System Directive: org.apache.velocity.runtime.directive.Include
2017-07-09 16:20:40,599 - Loaded System Directive: org.apache.velocity.runtime.directive.Foreach
2017-07-09 16:20:40,602 - Velocity was not initialized! Calling init()...
2017-07-09 16:20:40,620 - Velocity was not initialized! Calling init()...
2017-07-09 16:20:40,620 - Velocity was not initialized! Calling init()...
2017-07-09 16:20:40,620 - Velocity was not initialized! Calling init()...
2017-07-09 16:20:40,621 - Velocity was not initialized! Calling init()...
2017-07-09 16:20:40,621 - Velocity was not initialized! Calling init()...
2017-07-09 16:20:40,621 - Velocity was not initialized! Calling init()...
2017-07-09 16:20:40,621 - Velocity was not initialized! Calling init()...
2017-07-09 16:20:40,621 - Velocity was not initialized! Calling init()...
2017-07-09 16:20:40,621 - Velocity was not initialized! Calling init()...
2017-07-09 16:20:40,621 - Velocity was not initialized! Calling init()...
2017-07-09 16:20:40,621 - Velocity was not initialized! Calling init()...
2017-07-09 16:20:40,621 - Velocity was not initialized! Calling init()...
2017-07-09 16:20:40,621 - Velocity was not initialized! Calling init()...
2017-07-09 16:20:40,622 - Velocity was not initialized! Calling init()...
2017-07-09 16:20:40,622 - Velocity was not initialized! Calling init()...
2017-07-09 16:20:40,622 - Velocity was not initialized! Calling init()...
2017-07-09 16:20:40,622 - Velocity was not initialized! Calling init()...
2017-07-09 16:20:40,622 - Velocity was not initialized! Calling init()...
2017-07-09 16:20:40,622 - Velocity was not initialized! Calling init()...
2017-07-09 16:20:40,622 - Created '20' parsers.
2017-07-09 16:20:40,627 - Velocimacro : "velocimacro.library" is not set.  Trying default library: VM_global_library.vm
2017-07-09 16:20:40,627 - Velocity was not initialized! Calling init()...
2017-07-09 16:20:40,627 - Velocimacro : Default library not found.
2017-07-09 16:20:40,627 - Velocimacro : allowInline = true : VMs can be defined inline in templates
2017-07-09 16:20:40,628 - Velocimacro : allowInlineToOverride = false : VMs defined inline may NOT replace previous VM definitions
2017-07-09 16:20:40,628 - Velocimacro : allowInlineLocal = false : VMs defined inline will be global in scope if allowed.
2017-07-09 16:20:40,628 - Velocimacro : autoload off : VM system will not automatically reload global library macros
2017-07-09 16:23:29,625 - Log4JLogChute initialized using file 'velocity.log'
2017-07-09 16:23:29,626 - Starting Apache Velocity v1.6.4 (compiled: 2010-04-27 15:31:23)
2017-07-09 16:23:29,626 - Default Properties File: org\apache\velocity\runtime\defaults\velocity.properties
2017-07-09 16:23:29,626 - Trying to use logger class org.apache.velocity.runtime.log.AvalonLogChute
2017-07-09 16:23:29,626 - Target log system for org.apache.velocity.runtime.log.AvalonLogChute is not available (java.lang.NoClassDefFoundError: org/apache/log/format/Formatter).  Falling back to next log system...
2017-07-09 16:23:29,626 - Trying to use logger class org.apache.velocity.runtime.log.Log4JLogChute
2017-07-09 16:23:29,626 - Using logger class org.apache.velocity.runtime.log.Log4JLogChute
2017-07-09 16:23:29,638 - ResourceLoader instantiated: org.apache.velocity.runtime.resource.loader.FileResourceLoader
2017-07-09 16:23:29,642 - Do unicode file recognition:  false
2017-07-09 16:23:29,642 - FileResourceLoader : adding path '.'
2017-07-09 16:23:29,671 - ResourceCache: initialized (class org.apache.velocity.runtime.resource.ResourceCacheImpl) with class java.util.Collections$SynchronizedMap cache map.
2017-07-09 16:23:29,675 - Loaded System Directive: org.apache.velocity.runtime.directive.Define
2017-07-09 16:23:29,678 - Loaded System Directive: org.apache.velocity.runtime.directive.Break
2017-07-09 16:23:29,680 - Loaded System Directive: org.apache.velocity.runtime.directive.Evaluate
2017-07-09 16:23:29,682 - Loaded System Directive: org.apache.velocity.runtime.directive.Literal
2017-07-09 16:23:29,686 - Loaded System Directive: org.apache.velocity.runtime.directive.Macro
2017-07-09 16:23:29,689 - Loaded System Directive: org.apache.velocity.runtime.directive.Parse
2017-07-09 16:23:29,693 - Loaded System Directive: org.apache.velocity.runtime.directive.Include
2017-07-09 16:23:29,695 - Loaded System Directive: org.apache.velocity.runtime.directive.Foreach
2017-07-09 16:23:29,702 - Velocity was not initialized! Calling init()...
2017-07-09 16:23:29,737 - Velocity was not initialized! Calling init()...
2017-07-09 16:23:29,737 - Velocity was not initialized! Calling init()...
2017-07-09 16:23:29,737 - Velocity was not initialized! Calling init()...
2017-07-09 16:23:29,737 - Velocity was not initialized! Calling init()...
2017-07-09 16:23:29,737 - Velocity was not initialized! Calling init()...
2017-07-09 16:23:29,737 - Velocity was not initialized! Calling init()...
2017-07-09 16:23:29,738 - Velocity was not initialized! Calling init()...
2017-07-09 16:23:29,738 - Velocity was not initialized! Calling init()...
2017-07-09 16:23:29,738 - Velocity was not initialized! Calling init()...
2017-07-09 16:23:29,738 - Velocity was not initialized! Calling init()...
2017-07-09 16:23:29,738 - Velocity was not initialized! Calling init()...
2017-07-09 16:23:29,739 - Velocity was not initialized! Calling init()...
2017-07-09 16:23:29,739 - Velocity was not initialized! Calling init()...
2017-07-09 16:23:29,739 - Velocity was not initialized! Calling init()...
2017-07-09 16:23:29,739 - Velocity was not initialized! Calling init()...
2017-07-09 16:23:29,739 - Velocity was not initialized! Calling init()...
2017-07-09 16:23:29,739 - Velocity was not initialized! Calling init()...
2017-07-09 16:23:29,740 - Velocity was not initialized! Calling init()...
2017-07-09 16:23:29,740 - Velocity was not initialized! Calling init()...
2017-07-09 16:23:29,740 - Created '20' parsers.
2017-07-09 16:23:29,764 - Velocimacro : "velocimacro.library" is not set.  Trying default library: VM_global_library.vm
2017-07-09 16:23:29,764 - Velocity was not initialized! Calling init()...
2017-07-09 16:23:29,764 - Velocimacro : Default library not found.
2017-07-09 16:23:29,764 - Velocimacro : allowInline = true : VMs can be defined inline in templates
2017-07-09 16:23:29,764 - Velocimacro : allowInlineToOverride = false : VMs defined inline may NOT replace previous VM definitions
2017-07-09 16:23:29,764 - Velocimacro : allowInlineLocal = false : VMs defined inline will be global in scope if allowed.
2017-07-09 16:23:29,764 - Velocimacro : autoload off : VM system will not automatically reload global library macros
2017-07-09 16:29:09,664 - Log4JLogChute initialized using file 'velocity.log'
2017-07-09 16:29:09,665 - Starting Apache Velocity v1.6.4 (compiled: 2010-04-27 15:31:23)
2017-07-09 16:29:09,665 - Default Properties File: org\apache\velocity\runtime\defaults\velocity.properties
2017-07-09 16:29:09,665 - Trying to use logger class org.apache.velocity.runtime.log.AvalonLogChute
2017-07-09 16:29:09,665 - Target log system for org.apache.velocity.runtime.log.AvalonLogChute is not available (java.lang.NoClassDefFoundError: org/apache/log/format/Formatter).  Falling back to next log system...
2017-07-09 16:29:09,666 - Trying to use logger class org.apache.velocity.runtime.log.Log4JLogChute
2017-07-09 16:29:09,666 - Using logger class org.apache.velocity.runtime.log.Log4JLogChute
2017-07-09 16:29:09,672 - ResourceLoader instantiated: org.apache.velocity.runtime.resource.loader.FileResourceLoader
2017-07-09 16:29:09,674 - Do unicode file recognition:  false
2017-07-09 16:29:09,674 - FileResourceLoader : adding path '.'
2017-07-09 16:29:09,685 - ResourceCache: initialized (class org.apache.velocity.runtime.resource.ResourceCacheImpl) with class java.util.Collections$SynchronizedMap cache map.
2017-07-09 16:29:09,687 - Loaded System Directive: org.apache.velocity.runtime.directive.Define
2017-07-09 16:29:09,688 - Loaded System Directive: org.apache.velocity.runtime.directive.Break
2017-07-09 16:29:09,689 - Loaded System Directive: org.apache.velocity.runtime.directive.Evaluate
2017-07-09 16:29:09,690 - Loaded System Directive: org.apache.velocity.runtime.directive.Literal
2017-07-09 16:29:09,691 - Loaded System Directive: org.apache.velocity.runtime.directive.Macro
2017-07-09 16:29:09,694 - Loaded System Directive: org.apache.velocity.runtime.directive.Parse
2017-07-09 16:29:09,696 - Loaded System Directive: org.apache.velocity.runtime.directive.Include
2017-07-09 16:29:09,698 - Loaded System Directive: org.apache.velocity.runtime.directive.Foreach
2017-07-09 16:29:09,701 - Velocity was not initialized! Calling init()...
2017-07-09 16:29:09,721 - Velocity was not initialized! Calling init()...
2017-07-09 16:29:09,721 - Velocity was not initialized! Calling init()...
2017-07-09 16:29:09,721 - Velocity was not initialized! Calling init()...
2017-07-09 16:29:09,721 - Velocity was not initialized! Calling init()...
2017-07-09 16:29:09,721 - Velocity was not initialized! Calling init()...
2017-07-09 16:29:09,721 - Velocity was not initialized! Calling init()...
2017-07-09 16:29:09,721 - Velocity was not initialized! Calling init()...
2017-07-09 16:29:09,721 - Velocity was not initialized! Calling init()...
2017-07-09 16:29:09,721 - Velocity was not initialized! Calling init()...
2017-07-09 16:29:09,722 - Velocity was not initialized! Calling init()...
2017-07-09 16:29:09,722 - Velocity was not initialized! Calling init()...
2017-07-09 16:29:09,722 - Velocity was not initialized! Calling init()...
2017-07-09 16:29:09,722 - Velocity was not initialized! Calling init()...
2017-07-09 16:29:09,722 - Velocity was not initialized! Calling init()...
2017-07-09 16:29:09,722 - Velocity was not initialized! Calling init()...
2017-07-09 16:29:09,722 - Velocity was not initialized! Calling init()...
2017-07-09 16:29:09,722 - Velocity was not initialized! Calling init()...
2017-07-09 16:29:09,722 - Velocity was not initialized! Calling init()...
2017-07-09 16:29:09,722 - Velocity was not initialized! Calling init()...
2017-07-09 16:29:09,723 - Created '20' parsers.
2017-07-09 16:29:09,728 - Velocimacro : "velocimacro.library" is not set.  Trying default library: VM_global_library.vm
2017-07-09 16:29:09,728 - Velocity was not initialized! Calling init()...
2017-07-09 16:29:09,728 - Velocimacro : Default library not found.
2017-07-09 16:29:09,728 - Velocimacro : allowInline = true : VMs can be defined inline in templates
2017-07-09 16:29:09,728 - Velocimacro : allowInlineToOverride = false : VMs defined inline may NOT replace previous VM definitions
2017-07-09 16:29:09,728 - Velocimacro : allowInlineLocal = false : VMs defined inline will be global in scope if allowed.
2017-07-09 16:29:09,728 - Velocimacro : autoload off : VM system will not automatically reload global library macros
2017-07-09 16:32:12,466 - Log4JLogChute initialized using file 'velocity.log'
2017-07-09 16:32:12,466 - Starting Apache Velocity v1.6.4 (compiled: 2010-04-27 15:31:23)
2017-07-09 16:32:12,466 - Default Properties File: org\apache\velocity\runtime\defaults\velocity.properties
2017-07-09 16:32:12,466 - Trying to use logger class org.apache.velocity.runtime.log.AvalonLogChute
2017-07-09 16:32:12,466 - Target log system for org.apache.velocity.runtime.log.AvalonLogChute is not available (java.lang.NoClassDefFoundError: org/apache/log/format/Formatter).  Falling back to next log system...
2017-07-09 16:32:12,466 - Trying to use logger class org.apache.velocity.runtime.log.Log4JLogChute
2017-07-09 16:32:12,466 - Using logger class org.apache.velocity.runtime.log.Log4JLogChute
2017-07-09 16:32:12,471 - ResourceLoader instantiated: org.apache.velocity.runtime.resource.loader.FileResourceLoader
2017-07-09 16:32:12,471 - Do unicode file recognition:  false
2017-07-09 16:32:12,472 - FileResourceLoader : adding path '.'
2017-07-09 16:32:12,482 - ResourceCache: initialized (class org.apache.velocity.runtime.resource.ResourceCacheImpl) with class java.util.Collections$SynchronizedMap cache map.
2017-07-09 16:32:12,483 - Loaded System Directive: org.apache.velocity.runtime.directive.Define
2017-07-09 16:32:12,484 - Loaded System Directive: org.apache.velocity.runtime.directive.Break
2017-07-09 16:32:12,484 - Loaded System Directive: org.apache.velocity.runtime.directive.Evaluate
2017-07-09 16:32:12,485 - Loaded System Directive: org.apache.velocity.runtime.directive.Literal
2017-07-09 16:32:12,486 - Loaded System Directive: org.apache.velocity.runtime.directive.Macro
2017-07-09 16:32:12,487 - Loaded System Directive: org.apache.velocity.runtime.directive.Parse
2017-07-09 16:32:12,489 - Loaded System Directive: org.apache.velocity.runtime.directive.Include
2017-07-09 16:32:12,490 - Loaded System Directive: org.apache.velocity.runtime.directive.Foreach
2017-07-09 16:32:12,492 - Velocity was not initialized! Calling init()...
2017-07-09 16:32:12,511 - Velocity was not initialized! Calling init()...
2017-07-09 16:32:12,511 - Velocity was not initialized! Calling init()...
2017-07-09 16:32:12,511 - Velocity was not initialized! Calling init()...
2017-07-09 16:32:12,512 - Velocity was not initialized! Calling init()...
2017-07-09 16:32:12,512 - Velocity was not initialized! Calling init()...
2017-07-09 16:32:12,512 - Velocity was not initialized! Calling init()...
2017-07-09 16:32:12,512 - Velocity was not initialized! Calling init()...
2017-07-09 16:32:12,512 - Velocity was not initialized! Calling init()...
2017-07-09 16:32:12,512 - Velocity was not initialized! Calling init()...
2017-07-09 16:32:12,512 - Velocity was not initialized! Calling init()...
2017-07-09 16:32:12,512 - Velocity was not initialized! Calling init()...
2017-07-09 16:32:12,513 - Velocity was not initialized! Calling init()...
2017-07-09 16:32:12,513 - Velocity was not initialized! Calling init()...
2017-07-09 16:32:12,513 - Velocity was not initialized! Calling init()...
2017-07-09 16:32:12,513 - Velocity was not initialized! Calling init()...
2017-07-09 16:32:12,513 - Velocity was not initialized! Calling init()...
2017-07-09 16:32:12,513 - Velocity was not initialized! Calling init()...
2017-07-09 16:32:12,513 - Velocity was not initialized! Calling init()...
2017-07-09 16:32:12,513 - Velocity was not initialized! Calling init()...
2017-07-09 16:32:12,514 - Created '20' parsers.
2017-07-09 16:32:12,519 - Velocimacro : "velocimacro.library" is not set.  Trying default library: VM_global_library.vm
2017-07-09 16:32:12,519 - Velocity was not initialized! Calling init()...
2017-07-09 16:32:12,519 - Velocimacro : Default library not found.
2017-07-09 16:32:12,519 - Velocimacro : allowInline = true : VMs can be defined inline in templates
2017-07-09 16:32:12,519 - Velocimacro : allowInlineToOverride = false : VMs defined inline may NOT replace previous VM definitions
2017-07-09 16:32:12,519 - Velocimacro : allowInlineLocal = false : VMs defined inline will be global in scope if allowed.
2017-07-09 16:32:12,519 - Velocimacro : autoload off : VM system will not automatically reload global library macros
2017-07-09 16:33:20,315 - Log4JLogChute initialized using file 'velocity.log'
2017-07-09 16:33:20,316 - Starting Apache Velocity v1.6.4 (compiled: 2010-04-27 15:31:23)
2017-07-09 16:33:20,316 - Default Properties File: org\apache\velocity\runtime\defaults\velocity.properties
2017-07-09 16:33:20,316 - Trying to use logger class org.apache.velocity.runtime.log.AvalonLogChute
2017-07-09 16:33:20,316 - Target log system for org.apache.velocity.runtime.log.AvalonLogChute is not available (java.lang.NoClassDefFoundError: org/apache/log/format/Formatter).  Falling back to next log system...
2017-07-09 16:33:20,316 - Trying to use logger class org.apache.velocity.runtime.log.Log4JLogChute
2017-07-09 16:33:20,316 - Using logger class org.apache.velocity.runtime.log.Log4JLogChute
2017-07-09 16:33:20,323 - ResourceLoader instantiated: org.apache.velocity.runtime.resource.loader.FileResourceLoader
2017-07-09 16:33:20,324 - Do unicode file recognition:  false
2017-07-09 16:33:20,324 - FileResourceLoader : adding path '.'
2017-07-09 16:33:20,338 - ResourceCache: initialized (class org.apache.velocity.runtime.resource.ResourceCacheImpl) with class java.util.Collections$SynchronizedMap cache map.
2017-07-09 16:33:20,339 - Loaded System Directive: org.apache.velocity.runtime.directive.Define
2017-07-09 16:33:20,340 - Loaded System Directive: org.apache.velocity.runtime.directive.Break
2017-07-09 16:33:20,341 - Loaded System Directive: org.apache.velocity.runtime.directive.Evaluate
2017-07-09 16:33:20,342 - Loaded System Directive: org.apache.velocity.runtime.directive.Literal
2017-07-09 16:33:20,343 - Loaded System Directive: org.apache.velocity.runtime.directive.Macro
2017-07-09 16:33:20,344 - Loaded System Directive: org.apache.velocity.runtime.directive.Parse
2017-07-09 16:33:20,345 - Loaded System Directive: org.apache.velocity.runtime.directive.Include
2017-07-09 16:33:20,346 - Loaded System Directive: org.apache.velocity.runtime.directive.Foreach
2017-07-09 16:33:20,348 - Velocity was not initialized! Calling init()...
2017-07-09 16:33:20,366 - Velocity was not initialized! Calling init()...
2017-07-09 16:33:20,366 - Velocity was not initialized! Calling init()...
2017-07-09 16:33:20,367 - Velocity was not initialized! Calling init()...
2017-07-09 16:33:20,367 - Velocity was not initialized! Calling init()...
2017-07-09 16:33:20,367 - Velocity was not initialized! Calling init()...
2017-07-09 16:33:20,367 - Velocity was not initialized! Calling init()...
2017-07-09 16:33:20,367 - Velocity was not initialized! Calling init()...
2017-07-09 16:33:20,367 - Velocity was not initialized! Calling init()...
2017-07-09 16:33:20,367 - Velocity was not initialized! Calling init()...
2017-07-09 16:33:20,367 - Velocity was not initialized! Calling init()...
2017-07-09 16:33:20,367 - Velocity was not initialized! Calling init()...
2017-07-09 16:33:20,368 - Velocity was not initialized! Calling init()...
2017-07-09 16:33:20,368 - Velocity was not initialized! Calling init()...
2017-07-09 16:33:20,368 - Velocity was not initialized! Calling init()...
2017-07-09 16:33:20,368 - Velocity was not initialized! Calling init()...
2017-07-09 16:33:20,368 - Velocity was not initialized! Calling init()...
2017-07-09 16:33:20,368 - Velocity was not initialized! Calling init()...
2017-07-09 16:33:20,368 - Velocity was not initialized! Calling init()...
2017-07-09 16:33:20,368 - Velocity was not initialized! Calling init()...
2017-07-09 16:33:20,368 - Created '20' parsers.
2017-07-09 16:33:20,373 - Velocimacro : "velocimacro.library" is not set.  Trying default library: VM_global_library.vm
2017-07-09 16:33:20,373 - Velocity was not initialized! Calling init()...
2017-07-09 16:33:20,374 - Velocimacro : Default library not found.
2017-07-09 16:33:20,374 - Velocimacro : allowInline = true : VMs can be defined inline in templates
2017-07-09 16:33:20,374 - Velocimacro : allowInlineToOverride = false : VMs defined inline may NOT replace previous VM definitions
2017-07-09 16:33:20,374 - Velocimacro : allowInlineLocal = false : VMs defined inline will be global in scope if allowed.
2017-07-09 16:33:20,374 - Velocimacro : autoload off : VM system will not automatically reload global library macros
2017-07-12 15:33:58,693 - Log4JLogChute initialized using file 'velocity.log'
2017-07-12 15:33:58,710 - Starting Apache Velocity v1.6.4 (compiled: 2010-04-27 15:31:23)
2017-07-12 15:33:58,710 - Default Properties File: org\apache\velocity\runtime\defaults\velocity.properties
2017-07-12 15:33:58,710 - Trying to use logger class org.apache.velocity.runtime.log.AvalonLogChute
2017-07-12 15:33:58,710 - Target log system for org.apache.velocity.runtime.log.AvalonLogChute is not available (java.lang.NoClassDefFoundError: org/apache/log/format/Formatter).  Falling back to next log system...
2017-07-12 15:33:58,710 - Trying to use logger class org.apache.velocity.runtime.log.Log4JLogChute
2017-07-12 15:33:58,710 - Using logger class org.apache.velocity.runtime.log.Log4JLogChute
2017-07-12 15:33:58,714 - ResourceLoader instantiated: org.apache.velocity.runtime.resource.loader.FileResourceLoader
2017-07-12 15:33:58,715 - Do unicode file recognition:  false
2017-07-12 15:33:58,715 - FileResourceLoader : adding path '.'
2017-07-12 15:33:58,724 - ResourceCache: initialized (class org.apache.velocity.runtime.resource.ResourceCacheImpl) with class java.util.Collections$SynchronizedMap cache map.
2017-07-12 15:33:58,725 - Loaded System Directive: org.apache.velocity.runtime.directive.Define
2017-07-12 15:33:58,726 - Loaded System Directive: org.apache.velocity.runtime.directive.Break
2017-07-12 15:33:58,727 - Loaded System Directive: org.apache.velocity.runtime.directive.Evaluate
2017-07-12 15:33:58,727 - Loaded System Directive: org.apache.velocity.runtime.directive.Literal
2017-07-12 15:33:58,728 - Loaded System Directive: org.apache.velocity.runtime.directive.Macro
2017-07-12 15:33:58,729 - Loaded System Directive: org.apache.velocity.runtime.directive.Parse
2017-07-12 15:33:58,731 - Loaded System Directive: org.apache.velocity.runtime.directive.Include
2017-07-12 15:33:58,732 - Loaded System Directive: org.apache.velocity.runtime.directive.Foreach
2017-07-12 15:33:58,734 - Velocity was not initialized! Calling init()...
2017-07-12 15:33:58,752 - Velocity was not initialized! Calling init()...
2017-07-12 15:33:58,752 - Velocity was not initialized! Calling init()...
2017-07-12 15:33:58,752 - Velocity was not initialized! Calling init()...
2017-07-12 15:33:58,753 - Velocity was not initialized! Calling init()...
2017-07-12 15:33:58,753 - Velocity was not initialized! Calling init()...
2017-07-12 15:33:58,753 - Velocity was not initialized! Calling init()...
2017-07-12 15:33:58,753 - Velocity was not initialized! Calling init()...
2017-07-12 15:33:58,753 - Velocity was not initialized! Calling init()...
2017-07-12 15:33:58,753 - Velocity was not initialized! Calling init()...
2017-07-12 15:33:58,753 - Velocity was not initialized! Calling init()...
2017-07-12 15:33:58,753 - Velocity was not initialized! Calling init()...
2017-07-12 15:33:58,753 - Velocity was not initialized! Calling init()...
2017-07-12 15:33:58,753 - Velocity was not initialized! Calling init()...
2017-07-12 15:33:58,754 - Velocity was not initialized! Calling init()...
2017-07-12 15:33:58,754 - Velocity was not initialized! Calling init()...
2017-07-12 15:33:58,754 - Velocity was not initialized! Calling init()...
2017-07-12 15:33:58,754 - Velocity was not initialized! Calling init()...
2017-07-12 15:33:58,754 - Velocity was not initialized! Calling init()...
2017-07-12 15:33:58,754 - Velocity was not initialized! Calling init()...
2017-07-12 15:33:58,754 - Created '20' parsers.
2017-07-12 15:33:58,759 - Velocimacro : "velocimacro.library" is not set.  Trying default library: VM_global_library.vm
2017-07-12 15:33:58,759 - Velocity was not initialized! Calling init()...
2017-07-12 15:33:58,759 - Velocimacro : Default library not found.
2017-07-12 15:33:58,759 - Velocimacro : allowInline = true : VMs can be defined inline in templates
2017-07-12 15:33:58,759 - Velocimacro : allowInlineToOverride = false : VMs defined inline may NOT replace previous VM definitions
2017-07-12 15:33:58,759 - Velocimacro : allowInlineLocal = false : VMs defined inline will be global in scope if allowed.
2017-07-12 15:33:58,759 - Velocimacro : autoload off : VM system will not automatically reload global library macros
2017-07-12 15:34:38,390 - Log4JLogChute initialized using file 'velocity.log'
2017-07-12 15:34:38,390 - Starting Apache Velocity v1.6.4 (compiled: 2010-04-27 15:31:23)
2017-07-12 15:34:38,390 - Default Properties File: org\apache\velocity\runtime\defaults\velocity.properties
2017-07-12 15:34:38,390 - Trying to use logger class org.apache.velocity.runtime.log.AvalonLogChute
2017-07-12 15:34:38,390 - Target log system for org.apache.velocity.runtime.log.AvalonLogChute is not available (java.lang.NoClassDefFoundError: org/apache/log/format/Formatter).  Falling back to next log system...
2017-07-12 15:34:38,390 - Trying to use logger class org.apache.velocity.runtime.log.Log4JLogChute
2017-07-12 15:34:38,390 - Using logger class org.apache.velocity.runtime.log.Log4JLogChute
2017-07-12 15:34:38,394 - ResourceLoader instantiated: org.apache.velocity.runtime.resource.loader.FileResourceLoader
2017-07-12 15:34:38,395 - Do unicode file recognition:  false
2017-07-12 15:34:38,395 - FileResourceLoader : adding path '.'
2017-07-12 15:34:38,404 - ResourceCache: initialized (class org.apache.velocity.runtime.resource.ResourceCacheImpl) with class java.util.Collections$SynchronizedMap cache map.
2017-07-12 15:34:38,404 - Loaded System Directive: org.apache.velocity.runtime.directive.Define
2017-07-12 15:34:38,405 - Loaded System Directive: org.apache.velocity.runtime.directive.Break
2017-07-12 15:34:38,406 - Loaded System Directive: org.apache.velocity.runtime.directive.Evaluate
2017-07-12 15:34:38,406 - Loaded System Directive: org.apache.velocity.runtime.directive.Literal
2017-07-12 15:34:38,407 - Loaded System Directive: org.apache.velocity.runtime.directive.Macro
2017-07-12 15:34:38,408 - Loaded System Directive: org.apache.velocity.runtime.directive.Parse
2017-07-12 15:34:38,408 - Loaded System Directive: org.apache.velocity.runtime.directive.Include
2017-07-12 15:34:38,409 - Loaded System Directive: org.apache.velocity.runtime.directive.Foreach
2017-07-12 15:34:38,411 - Velocity was not initialized! Calling init()...
2017-07-12 15:34:38,426 - Velocity was not initialized! Calling init()...
2017-07-12 15:34:38,426 - Velocity was not initialized! Calling init()...
2017-07-12 15:34:38,426 - Velocity was not initialized! Calling init()...
2017-07-12 15:34:38,426 - Velocity was not initialized! Calling init()...
2017-07-12 15:34:38,426 - Velocity was not initialized! Calling init()...
2017-07-12 15:34:38,426 - Velocity was not initialized! Calling init()...
2017-07-12 15:34:38,427 - Velocity was not initialized! Calling init()...
2017-07-12 15:34:38,427 - Velocity was not initialized! Calling init()...
2017-07-12 15:34:38,427 - Velocity was not initialized! Calling init()...
2017-07-12 15:34:38,427 - Velocity was not initialized! Calling init()...
2017-07-12 15:34:38,427 - Velocity was not initialized! Calling init()...
2017-07-12 15:34:38,427 - Velocity was not initialized! Calling init()...
2017-07-12 15:34:38,427 - Velocity was not initialized! Calling init()...
2017-07-12 15:34:38,427 - Velocity was not initialized! Calling init()...
2017-07-12 15:34:38,427 - Velocity was not initialized! Calling init()...
2017-07-12 15:34:38,427 - Velocity was not initialized! Calling init()...
2017-07-12 15:34:38,428 - Velocity was not initialized! Calling init()...
2017-07-12 15:34:38,428 - Velocity was not initialized! Calling init()...
2017-07-12 15:34:38,428 - Velocity was not initialized! Calling init()...
2017-07-12 15:34:38,428 - Created '20' parsers.
2017-07-12 15:34:38,432 - Velocimacro : "velocimacro.library" is not set.  Trying default library: VM_global_library.vm
2017-07-12 15:34:38,433 - Velocity was not initialized! Calling init()...
2017-07-12 15:34:38,433 - Velocimacro : Default library not found.
2017-07-12 15:34:38,433 - Velocimacro : allowInline = true : VMs can be defined inline in templates
2017-07-12 15:34:38,433 - Velocimacro : allowInlineToOverride = false : VMs defined inline may NOT replace previous VM definitions
2017-07-12 15:34:38,433 - Velocimacro : allowInlineLocal = false : VMs defined inline will be global in scope if allowed.
2017-07-12 15:34:38,433 - Velocimacro : autoload off : VM system will not automatically reload global library macros
